16-May-2024 10:44:43.258 INFO [main] org.apache.catalina.startup.VersionLoggerListener.log Server version name:   Apache Tomcat/8.5.100
16-May-2024 10:44:43.262 INFO [main] org.apache.catalina.startup.VersionLoggerListener.log Server built:          Mar 19 2024 13:54:42 UTC
16-May-2024 10:44:43.262 INFO [main] org.apache.catalina.startup.VersionLoggerListener.log Server version number: 8.5.100.0
16-May-2024 10:44:43.263 INFO [main] org.apache.catalina.startup.VersionLoggerListener.log OS Name:               Windows 10
16-May-2024 10:44:43.263 INFO [main] org.apache.catalina.startup.VersionLoggerListener.log OS Version:            10.0
16-May-2024 10:44:43.263 INFO [main] org.apache.catalina.startup.VersionLoggerListener.log Architecture:          amd64
16-May-2024 10:44:43.263 INFO [main] org.apache.catalina.startup.VersionLoggerListener.log Java Home:             C:\Program Files\Java\jdk-21
16-May-2024 10:44:43.264 INFO [main] org.apache.catalina.startup.VersionLoggerListener.log JVM Version:           21.0.1+12-LTS-29
16-May-2024 10:44:43.264 INFO [main] org.apache.catalina.startup.VersionLoggerListener.log JVM Vendor:            Oracle Corporation
16-May-2024 10:44:43.264 INFO [main] org.apache.catalina.startup.VersionLoggerListener.log CATALINA_BASE:         E:\dowlond\apache-tomcat-8.5.100
16-May-2024 10:44:43.264 INFO [main] org.apache.catalina.startup.VersionLoggerListener.log CATALINA_HOME:         E:\dowlond\apache-tomcat-8.5.100
16-May-2024 10:44:43.264 INFO [main] org.apache.catalina.startup.VersionLoggerListener.log Command line argument: --add-opens=java.base/java.lang=ALL-UNNAMED
16-May-2024 10:44:43.264 INFO [main] org.apache.catalina.startup.VersionLoggerListener.log Command line argument: --add-opens=java.base/java.io=ALL-UNNAMED
16-May-2024 10:44:43.264 INFO [main] org.apache.catalina.startup.VersionLoggerListener.log Command line argument: --add-opens=java.base/java.util=ALL-UNNAMED
16-May-2024 10:44:43.264 INFO [main] org.apache.catalina.startup.VersionLoggerListener.log Command line argument: --add-opens=java.base/java.util.concurrent=ALL-UNNAMED
16-May-2024 10:44:43.264 INFO [main] org.apache.catalina.startup.VersionLoggerListener.log Command line argument: --add-opens=java.rmi/sun.rmi.transport=ALL-UNNAMED
16-May-2024 10:44:43.264 INFO [main] org.apache.catalina.startup.VersionLoggerListener.log Command line argument: -Djava.util.logging.config.file=E:\dowlond\apache-tomcat-8.5.100\conf\logging.properties
16-May-2024 10:44:43.264 INFO [main] org.apache.catalina.startup.VersionLoggerListener.log Command line argument: -Djava.util.logging.manager=org.apache.juli.ClassLoaderLogManager
16-May-2024 10:44:43.264 INFO [main] org.apache.catalina.startup.VersionLoggerListener.log Command line argument: -Djdk.tls.ephemeralDHKeySize=2048
16-May-2024 10:44:43.264 INFO [main] org.apache.catalina.startup.VersionLoggerListener.log Command line argument: -Djava.protocol.handler.pkgs=org.apache.catalina.webresources
16-May-2024 10:44:43.264 INFO [main] org.apache.catalina.startup.VersionLoggerListener.log Command line argument: -Dignore.endorsed.dirs=
16-May-2024 10:44:43.264 INFO [main] org.apache.catalina.startup.VersionLoggerListener.log Command line argument: -Dcatalina.base=E:\dowlond\apache-tomcat-8.5.100
16-May-2024 10:44:43.264 INFO [main] org.apache.catalina.startup.VersionLoggerListener.log Command line argument: -Dcatalina.home=E:\dowlond\apache-tomcat-8.5.100
16-May-2024 10:44:43.264 INFO [main] org.apache.catalina.startup.VersionLoggerListener.log Command line argument: -Djava.io.tmpdir=E:\dowlond\apache-tomcat-8.5.100\temp
16-May-2024 10:44:43.264 INFO [main] org.apache.catalina.core.AprLifecycleListener.lifecycleEvent Loaded Apache Tomcat Native library [1.2.39] using APR version [1.7.4].
16-May-2024 10:44:43.264 INFO [main] org.apache.catalina.core.AprLifecycleListener.lifecycleEvent APR capabilities: IPv6 [true], sendfile [true], accept filters [false], random [true], UDS [{4}].
16-May-2024 10:44:43.264 INFO [main] org.apache.catalina.core.AprLifecycleListener.lifecycleEvent APR/OpenSSL configuration: useAprConnector [false], useOpenSSL [true]
16-May-2024 10:44:43.351 INFO [main] org.apache.catalina.core.AprLifecycleListener.initializeSSL OpenSSL successfully initialized [OpenSSL 3.0.11 19 Sep 2023]
16-May-2024 10:44:43.411 INFO [main] org.apache.coyote.AbstractProtocol.init Initializing ProtocolHandler ["http-nio-8080"]
16-May-2024 10:44:43.439 INFO [main] org.apache.catalina.startup.Catalina.load Initialization processed in 1514 ms
16-May-2024 10:44:43.503 INFO [main] org.apache.catalina.core.StandardService.startInternal Starting service [Catalina]
16-May-2024 10:44:43.503 INFO [main] org.apache.catalina.core.StandardEngine.startInternal Starting Servlet engine: [Apache Tomcat/8.5.100]
16-May-2024 10:44:43.543 INFO [localhost-startStop-1] org.apache.catalina.startup.HostConfig.deployDirectory Deploying web application directory [E:\dowlond\apache-tomcat-8.5.100\webapps\ROOT]
16-May-2024 10:44:43.908 INFO [localhost-startStop-1] org.apache.catalina.startup.HostConfig.deployDirectory Deployment of web application directory [E:\dowlond\apache-tomcat-8.5.100\webapps\ROOT] has finished in [365] ms
16-May-2024 10:44:43.909 INFO [localhost-startStop-1] org.apache.catalina.startup.HostConfig.deployDirectory Deploying web application directory [E:\dowlond\apache-tomcat-8.5.100\webapps\docs]
16-May-2024 10:44:43.986 INFO [localhost-startStop-1] org.apache.catalina.startup.HostConfig.deployDirectory Deployment of web application directory [E:\dowlond\apache-tomcat-8.5.100\webapps\docs] has finished in [77] ms
16-May-2024 10:44:43.986 INFO [localhost-startStop-1] org.apache.catalina.startup.HostConfig.deployDirectory Deploying web application directory [E:\dowlond\apache-tomcat-8.5.100\webapps\examples]
16-May-2024 10:44:44.826 INFO [localhost-startStop-1] org.apache.catalina.startup.HostConfig.deployDirectory Deployment of web application directory [E:\dowlond\apache-tomcat-8.5.100\webapps\examples] has finished in [839] ms
16-May-2024 10:44:44.826 INFO [localhost-startStop-1] org.apache.catalina.startup.HostConfig.deployDirectory Deploying web application directory [E:\dowlond\apache-tomcat-8.5.100\webapps\host-manager]
16-May-2024 10:44:44.920 INFO [localhost-startStop-1] org.apache.catalina.startup.HostConfig.deployDirectory Deployment of web application directory [E:\dowlond\apache-tomcat-8.5.100\webapps\host-manager] has finished in [94] ms
16-May-2024 10:44:44.921 INFO [localhost-startStop-1] org.apache.catalina.startup.HostConfig.deployDirectory Deploying web application directory [E:\dowlond\apache-tomcat-8.5.100\webapps\manager]
16-May-2024 10:44:45.008 INFO [localhost-startStop-1] org.apache.catalina.startup.HostConfig.deployDirectory Deployment of web application directory [E:\dowlond\apache-tomcat-8.5.100\webapps\manager] has finished in [87] ms
16-May-2024 10:44:45.008 INFO [main] org.apache.coyote.AbstractProtocol.start Starting ProtocolHandler ["http-nio-8080"]
16-May-2024 10:44:45.065 INFO [main] org.apache.catalina.startup.Catalina.start Server startup in 1623 ms
16-May-2024 10:44:53.669 INFO [http-nio-8080-exec-1] org.apache.catalina.startup.HostConfig.deployDescriptor Deploying deployment descriptor [E:\dowlond\apache-tomcat-8.5.100\conf\Catalina\localhost\WebDiverTicket.xml]
16-May-2024 10:44:53.672 WARNING [http-nio-8080-exec-1] org.apache.catalina.startup.HostConfig.deployDescriptor The path attribute with value [/WebDiverTicket] in deployment descriptor [E:\dowlond\apache-tomcat-8.5.100\conf\Catalina\localhost\WebDiverTicket.xml] has been ignored
16-May-2024 10:44:54.386 INFO [http-nio-8080-exec-1] org.apache.jasper.servlet.TldScanner.scanJars At least one JAR was scanned for TLDs yet contained no TLDs. Enable debug logging for this logger for a complete list of JARs that were scanned but no TLDs were found in them. Skipping unneeded JARs during scanning can improve startup time and JSP compilation time.
16-May-2024 10:44:54.399 INFO [http-nio-8080-exec-1] org.apache.catalina.startup.HostConfig.deployDescriptor Deployment of deployment descriptor [E:\dowlond\apache-tomcat-8.5.100\conf\Catalina\localhost\WebDiverTicket.xml] has finished in [729] ms
16-May-2024 10:44:54.403 INFO [http-nio-8080-exec-2] org.apache.catalina.util.LifecycleBase.start The start() method was called on component [StandardEngine[Catalina].StandardHost[localhost].StandardContext[/WebDiverTicket]] after start() had already been called. The second call will be ignored.
16-May-2024 10:46:00.824 INFO [http-nio-8080-exec-6] org.apache.catalina.startup.HostConfig.undeploy Undeploying context [/WebDiverTicket]
16-May-2024 10:46:59.482 INFO [http-nio-8080-exec-11] org.apache.catalina.startup.HostConfig.deployDescriptor Deploying deployment descriptor [E:\dowlond\apache-tomcat-8.5.100\conf\Catalina\localhost\WebDiverTicket.xml]
16-May-2024 10:46:59.484 WARNING [http-nio-8080-exec-11] org.apache.catalina.startup.HostConfig.deployDescriptor The path attribute with value [/WebDiverTicket] in deployment descriptor [E:\dowlond\apache-tomcat-8.5.100\conf\Catalina\localhost\WebDiverTicket.xml] has been ignored
16-May-2024 10:47:00.460 INFO [http-nio-8080-exec-11] org.apache.jasper.servlet.TldScanner.scanJars At least one JAR was scanned for TLDs yet contained no TLDs. Enable debug logging for this logger for a complete list of JARs that were scanned but no TLDs were found in them. Skipping unneeded JARs during scanning can improve startup time and JSP compilation time.
16-May-2024 10:47:00.466 INFO [http-nio-8080-exec-11] org.apache.catalina.startup.HostConfig.deployDescriptor Deployment of deployment descriptor [E:\dowlond\apache-tomcat-8.5.100\conf\Catalina\localhost\WebDiverTicket.xml] has finished in [984] ms
16-May-2024 10:47:00.470 INFO [http-nio-8080-exec-12] org.apache.catalina.util.LifecycleBase.start The start() method was called on component [StandardEngine[Catalina].StandardHost[localhost].StandardContext[/WebDiverTicket]] after start() had already been called. The second call will be ignored.
16-May-2024 10:59:42.584 INFO [main] org.apache.catalina.core.StandardServer.await A valid shutdown command was received via the shutdown port. Stopping the Server instance.
16-May-2024 10:59:42.585 INFO [main] org.apache.coyote.AbstractProtocol.pause Pausing ProtocolHandler ["http-nio-8080"]
16-May-2024 10:59:42.593 INFO [main] org.apache.catalina.core.StandardService.stopInternal Stopping service [Catalina]
16-May-2024 10:59:42.617 INFO [main] org.apache.coyote.AbstractProtocol.stop Stopping ProtocolHandler ["http-nio-8080"]
16-May-2024 10:59:42.620 INFO [main] org.apache.coyote.AbstractProtocol.destroy Destroying ProtocolHandler ["http-nio-8080"]
16-May-2024 11:58:58.379 INFO [main] org.apache.catalina.startup.VersionLoggerListener.log Server version name:   Apache Tomcat/8.5.100
16-May-2024 11:58:58.382 INFO [main] org.apache.catalina.startup.VersionLoggerListener.log Server built:          Mar 19 2024 13:54:42 UTC
16-May-2024 11:58:58.382 INFO [main] org.apache.catalina.startup.VersionLoggerListener.log Server version number: 8.5.100.0
16-May-2024 11:58:58.383 INFO [main] org.apache.catalina.startup.VersionLoggerListener.log OS Name:               Windows 10
16-May-2024 11:58:58.383 INFO [main] org.apache.catalina.startup.VersionLoggerListener.log OS Version:            10.0
16-May-2024 11:58:58.383 INFO [main] org.apache.catalina.startup.VersionLoggerListener.log Architecture:          amd64
16-May-2024 11:58:58.383 INFO [main] org.apache.catalina.startup.VersionLoggerListener.log Java Home:             C:\Program Files\Java\jdk-21
16-May-2024 11:58:58.383 INFO [main] org.apache.catalina.startup.VersionLoggerListener.log JVM Version:           21.0.1+12-LTS-29
16-May-2024 11:58:58.384 INFO [main] org.apache.catalina.startup.VersionLoggerListener.log JVM Vendor:            Oracle Corporation
16-May-2024 11:58:58.384 INFO [main] org.apache.catalina.startup.VersionLoggerListener.log CATALINA_BASE:         E:\dowlond\apache-tomcat-8.5.100
16-May-2024 11:58:58.384 INFO [main] org.apache.catalina.startup.VersionLoggerListener.log CATALINA_HOME:         E:\dowlond\apache-tomcat-8.5.100
16-May-2024 11:58:58.385 INFO [main] org.apache.catalina.startup.VersionLoggerListener.log Command line argument: --add-opens=java.base/java.lang=ALL-UNNAMED
16-May-2024 11:58:58.385 INFO [main] org.apache.catalina.startup.VersionLoggerListener.log Command line argument: --add-opens=java.base/java.io=ALL-UNNAMED
16-May-2024 11:58:58.385 INFO [main] org.apache.catalina.startup.VersionLoggerListener.log Command line argument: --add-opens=java.base/java.util=ALL-UNNAMED
16-May-2024 11:58:58.385 INFO [main] org.apache.catalina.startup.VersionLoggerListener.log Command line argument: --add-opens=java.base/java.util.concurrent=ALL-UNNAMED
16-May-2024 11:58:58.385 INFO [main] org.apache.catalina.startup.VersionLoggerListener.log Command line argument: --add-opens=java.rmi/sun.rmi.transport=ALL-UNNAMED
16-May-2024 11:58:58.385 INFO [main] org.apache.catalina.startup.VersionLoggerListener.log Command line argument: -Djava.util.logging.config.file=E:\dowlond\apache-tomcat-8.5.100\conf\logging.properties
16-May-2024 11:58:58.385 INFO [main] org.apache.catalina.startup.VersionLoggerListener.log Command line argument: -Djava.util.logging.manager=org.apache.juli.ClassLoaderLogManager
16-May-2024 11:58:58.385 INFO [main] org.apache.catalina.startup.VersionLoggerListener.log Command line argument: -Djdk.tls.ephemeralDHKeySize=2048
16-May-2024 11:58:58.386 INFO [main] org.apache.catalina.startup.VersionLoggerListener.log Command line argument: -Djava.protocol.handler.pkgs=org.apache.catalina.webresources
16-May-2024 11:58:58.386 INFO [main] org.apache.catalina.startup.VersionLoggerListener.log Command line argument: -Dignore.endorsed.dirs=
16-May-2024 11:58:58.386 INFO [main] org.apache.catalina.startup.VersionLoggerListener.log Command line argument: -Dcatalina.base=E:\dowlond\apache-tomcat-8.5.100
16-May-2024 11:58:58.386 INFO [main] org.apache.catalina.startup.VersionLoggerListener.log Command line argument: -Dcatalina.home=E:\dowlond\apache-tomcat-8.5.100
16-May-2024 11:58:58.386 INFO [main] org.apache.catalina.startup.VersionLoggerListener.log Command line argument: -Djava.io.tmpdir=E:\dowlond\apache-tomcat-8.5.100\temp
16-May-2024 11:58:58.386 INFO [main] org.apache.catalina.core.AprLifecycleListener.lifecycleEvent Loaded Apache Tomcat Native library [1.2.39] using APR version [1.7.4].
16-May-2024 11:58:58.386 INFO [main] org.apache.catalina.core.AprLifecycleListener.lifecycleEvent APR capabilities: IPv6 [true], sendfile [true], accept filters [false], random [true], UDS [{4}].
16-May-2024 11:58:58.386 INFO [main] org.apache.catalina.core.AprLifecycleListener.lifecycleEvent APR/OpenSSL configuration: useAprConnector [false], useOpenSSL [true]
16-May-2024 11:58:58.426 INFO [main] org.apache.catalina.core.AprLifecycleListener.initializeSSL OpenSSL successfully initialized [OpenSSL 3.0.11 19 Sep 2023]
16-May-2024 11:58:58.480 INFO [main] org.apache.coyote.AbstractProtocol.init Initializing ProtocolHandler ["http-nio-8080"]
16-May-2024 11:58:58.513 INFO [main] org.apache.catalina.startup.Catalina.load Initialization processed in 610 ms
16-May-2024 11:58:58.573 INFO [main] org.apache.catalina.core.StandardService.startInternal Starting service [Catalina]
16-May-2024 11:58:58.574 INFO [main] org.apache.catalina.core.StandardEngine.startInternal Starting Servlet engine: [Apache Tomcat/8.5.100]
16-May-2024 11:58:58.578 INFO [localhost-startStop-1] org.apache.catalina.startup.HostConfig.deployDescriptor Deploying deployment descriptor [E:\dowlond\apache-tomcat-8.5.100\conf\Catalina\localhost\WebDiverTicket.xml]
16-May-2024 11:58:58.608 WARNING [localhost-startStop-1] org.apache.catalina.startup.HostConfig.deployDescriptor The path attribute with value [/WebDiverTicket] in deployment descriptor [E:\dowlond\apache-tomcat-8.5.100\conf\Catalina\localhost\WebDiverTicket.xml] has been ignored
16-May-2024 11:58:59.732 INFO [localhost-startStop-1] org.apache.jasper.servlet.TldScanner.scanJars At least one JAR was scanned for TLDs yet contained no TLDs. Enable debug logging for this logger for a complete list of JARs that were scanned but no TLDs were found in them. Skipping unneeded JARs during scanning can improve startup time and JSP compilation time.
16-May-2024 11:58:59.783 INFO [localhost-startStop-1] org.apache.catalina.startup.HostConfig.deployDescriptor Deployment of deployment descriptor [E:\dowlond\apache-tomcat-8.5.100\conf\Catalina\localhost\WebDiverTicket.xml] has finished in [1,204] ms
16-May-2024 11:58:59.784 INFO [localhost-startStop-1] org.apache.catalina.startup.HostConfig.deployDirectory Deploying web application directory [E:\dowlond\apache-tomcat-8.5.100\webapps\ROOT]
16-May-2024 11:58:59.823 INFO [localhost-startStop-1] org.apache.catalina.startup.HostConfig.deployDirectory Deployment of web application directory [E:\dowlond\apache-tomcat-8.5.100\webapps\ROOT] has finished in [39] ms
16-May-2024 11:58:59.823 INFO [localhost-startStop-1] org.apache.catalina.startup.HostConfig.deployDirectory Deploying web application directory [E:\dowlond\apache-tomcat-8.5.100\webapps\docs]
16-May-2024 11:58:59.869 INFO [localhost-startStop-1] org.apache.catalina.startup.HostConfig.deployDirectory Deployment of web application directory [E:\dowlond\apache-tomcat-8.5.100\webapps\docs] has finished in [45] ms
16-May-2024 11:58:59.869 INFO [localhost-startStop-1] org.apache.catalina.startup.HostConfig.deployDirectory Deploying web application directory [E:\dowlond\apache-tomcat-8.5.100\webapps\examples]
16-May-2024 11:59:00.682 INFO [localhost-startStop-1] org.apache.catalina.startup.HostConfig.deployDirectory Deployment of web application directory [E:\dowlond\apache-tomcat-8.5.100\webapps\examples] has finished in [813] ms
16-May-2024 11:59:00.682 INFO [localhost-startStop-1] org.apache.catalina.startup.HostConfig.deployDirectory Deploying web application directory [E:\dowlond\apache-tomcat-8.5.100\webapps\host-manager]
16-May-2024 11:59:00.739 INFO [localhost-startStop-1] org.apache.catalina.startup.HostConfig.deployDirectory Deployment of web application directory [E:\dowlond\apache-tomcat-8.5.100\webapps\host-manager] has finished in [57] ms
16-May-2024 11:59:00.739 INFO [localhost-startStop-1] org.apache.catalina.startup.HostConfig.deployDirectory Deploying web application directory [E:\dowlond\apache-tomcat-8.5.100\webapps\manager]
16-May-2024 11:59:00.809 INFO [localhost-startStop-1] org.apache.catalina.startup.HostConfig.deployDirectory Deployment of web application directory [E:\dowlond\apache-tomcat-8.5.100\webapps\manager] has finished in [70] ms
16-May-2024 11:59:00.809 INFO [main] org.apache.coyote.AbstractProtocol.start Starting ProtocolHandler ["http-nio-8080"]
16-May-2024 11:59:00.848 INFO [main] org.apache.catalina.startup.Catalina.start Server startup in 2333 ms
16-May-2024 13:02:16.156 WARNING [http-nio-8080-exec-9] org.apache.catalina.loader.WebappClassLoaderBase.clearReferencesJdbc The web application [WebDiverTicket] registered the JDBC driver [com.mysql.cj.jdbc.Driver] but failed to unregister it when the web application was stopped. To prevent a memory leak, the JDBC Driver has been forcibly unregistered.
16-May-2024 13:02:16.156 WARNING [http-nio-8080-exec-9] org.apache.catalina.loader.WebappClassLoaderBase.clearReferencesThreads The web application [WebDiverTicket] appears to have started a thread named [mysql-cj-abandoned-connection-cleanup] but has failed to stop it. This is very likely to create a memory leak. Stack trace of thread:
 java.base/jdk.internal.misc.Unsafe.park(Native Method)
 java.base/java.util.concurrent.locks.LockSupport.parkNanos(LockSupport.java:269)
 java.base/java.util.concurrent.locks.AbstractQueuedSynchronizer$ConditionObject.await(AbstractQueuedSynchronizer.java:1847)
 java.base/java.lang.ref.ReferenceQueue.await(ReferenceQueue.java:71)
 java.base/java.lang.ref.ReferenceQueue.remove0(ReferenceQueue.java:143)
 java.base/java.lang.ref.ReferenceQueue.remove(ReferenceQueue.java:218)
 com.mysql.cj.jdbc.AbandonedConnectionCleanupThread.run(AbandonedConnectionCleanupThread.java:93)
 java.base/java.util.concurrent.ThreadPoolExecutor.runWorker(ThreadPoolExecutor.java:1144)
 java.base/java.util.concurrent.ThreadPoolExecutor$Worker.run(ThreadPoolExecutor.java:642)
 java.base/java.lang.Thread.run(Thread.java:1583)
16-May-2024 13:02:16.678 INFO [http-nio-8080-exec-9] org.apache.catalina.startup.HostConfig.undeploy Undeploying context [/WebDiverTicket]
16-May-2024 13:02:18.393 INFO [mysql-cj-abandoned-connection-cleanup] org.apache.catalina.loader.WebappClassLoaderBase.checkStateForResourceLoading Illegal access: this web application instance has been stopped already. Could not load []. The following stack trace is thrown for debugging purposes as well as to attempt to terminate the thread which caused the illegal access.
	java.lang.IllegalStateException: Illegal access: this web application instance has been stopped already. Could not load []. The following stack trace is thrown for debugging purposes as well as to attempt to terminate the thread which caused the illegal access.
		at org.apache.catalina.loader.WebappClassLoaderBase.checkStateForResourceLoading(WebappClassLoaderBase.java:1358)
		at org.apache.catalina.loader.WebappClassLoaderBase.getResource(WebappClassLoaderBase.java:990)
		at com.mysql.cj.jdbc.AbandonedConnectionCleanupThread.checkThreadContextClassLoader(AbandonedConnectionCleanupThread.java:125)
		at com.mysql.cj.jdbc.AbandonedConnectionCleanupThread.run(AbandonedConnectionCleanupThread.java:92)
		at java.base/java.util.concurrent.ThreadPoolExecutor.runWorker(ThreadPoolExecutor.java:1144)
		at java.base/java.util.concurrent.ThreadPoolExecutor$Worker.run(ThreadPoolExecutor.java:642)
		at java.base/java.lang.Thread.run(Thread.java:1583)
16-May-2024 14:26:34.055 INFO [main] org.apache.catalina.core.StandardServer.await A valid shutdown command was received via the shutdown port. Stopping the Server instance.
16-May-2024 14:26:34.056 INFO [main] org.apache.coyote.AbstractProtocol.pause Pausing ProtocolHandler ["http-nio-8080"]
16-May-2024 14:26:34.064 INFO [main] org.apache.catalina.core.StandardService.stopInternal Stopping service [Catalina]
16-May-2024 14:26:34.089 INFO [main] org.apache.coyote.AbstractProtocol.stop Stopping ProtocolHandler ["http-nio-8080"]
16-May-2024 14:26:34.092 INFO [main] org.apache.coyote.AbstractProtocol.destroy Destroying ProtocolHandler ["http-nio-8080"]
