28-May-2024 22:34:28.026 INFO [localhost-startStop-1] org.apache.catalina.core.ApplicationContext.log ContextListener: contextInitialized()
28-May-2024 22:34:28.026 INFO [localhost-startStop-1] org.apache.catalina.core.ApplicationContext.log SessionListener: contextInitialized()
28-May-2024 22:34:28.027 INFO [localhost-startStop-1] org.apache.catalina.core.ApplicationContext.log ContextListener: attributeAdded('StockTicker', 'async.Stockticker@7e88598e')
28-May-2024 22:34:43.586 SEVERE [http-nio-8080-exec-4] org.apache.catalina.core.StandardWrapperValve.invoke Servlet.service() for servlet [Controle] in context with path [/ExemploImagem] threw exception
	java.io.IOException: java.io.FileNotFoundException: G:\imagens\imagem-Joao Vinicius pedro.jpg (O sistema não pode encontrar o caminho especificado)
		at org.apache.catalina.core.ApplicationPart.write(ApplicationPart.java:119)
		at controle.Controle.processRequest(Controle.java:53)
		at controle.Controle.doPost(Controle.java:98)
		at javax.servlet.http.HttpServlet.service(HttpServlet.java:515)
		at javax.servlet.http.HttpServlet.service(HttpServlet.java:583)
		at org.apache.catalina.core.ApplicationFilterChain.internalDoFilter(ApplicationFilterChain.java:212)
		at org.apache.catalina.core.ApplicationFilterChain.doFilter(ApplicationFilterChain.java:156)
		at org.apache.tomcat.websocket.server.WsFilter.doFilter(WsFilter.java:51)
		at org.apache.catalina.core.ApplicationFilterChain.internalDoFilter(ApplicationFilterChain.java:181)
		at org.apache.catalina.core.ApplicationFilterChain.doFilter(ApplicationFilterChain.java:156)
		at org.apache.catalina.core.StandardWrapperValve.invoke(StandardWrapperValve.java:168)
		at org.apache.catalina.core.StandardContextValve.invoke(StandardContextValve.java:90)
		at org.apache.catalina.authenticator.AuthenticatorBase.invoke(AuthenticatorBase.java:483)
		at org.apache.catalina.core.StandardHostValve.invoke(StandardHostValve.java:130)
		at org.apache.catalina.valves.ErrorReportValve.invoke(ErrorReportValve.java:93)
		at org.apache.catalina.valves.AbstractAccessLogValve.invoke(AbstractAccessLogValve.java:679)
		at org.apache.catalina.core.StandardEngineValve.invoke(StandardEngineValve.java:74)
		at org.apache.catalina.connector.CoyoteAdapter.service(CoyoteAdapter.java:346)
		at org.apache.coyote.http11.Http11Processor.service(Http11Processor.java:617)
		at org.apache.coyote.AbstractProcessorLight.process(AbstractProcessorLight.java:63)
		at org.apache.coyote.AbstractProtocol$ConnectionHandler.process(AbstractProtocol.java:934)
		at org.apache.tomcat.util.net.NioEndpoint$SocketProcessor.doRun(NioEndpoint.java:1690)
		at org.apache.tomcat.util.net.SocketProcessorBase.run(SocketProcessorBase.java:52)
		at org.apache.tomcat.util.threads.ThreadPoolExecutor.runWorker(ThreadPoolExecutor.java:1191)
		at org.apache.tomcat.util.threads.ThreadPoolExecutor$Worker.run(ThreadPoolExecutor.java:659)
		at org.apache.tomcat.util.threads.TaskThread$WrappingRunnable.run(TaskThread.java:63)
		at java.base/java.lang.Thread.run(Thread.java:1570)
	Caused by: java.io.FileNotFoundException: G:\imagens\imagem-Joao Vinicius pedro.jpg (O sistema não pode encontrar o caminho especificado)
		at java.base/java.io.FileOutputStream.open0(Native Method)
		at java.base/java.io.FileOutputStream.open(FileOutputStream.java:289)
		at java.base/java.io.FileOutputStream.<init>(FileOutputStream.java:230)
		at java.base/java.io.FileOutputStream.<init>(FileOutputStream.java:179)
		at org.apache.tomcat.util.http.fileupload.disk.DiskFileItem.write(DiskFileItem.java:403)
		at org.apache.catalina.core.ApplicationPart.write(ApplicationPart.java:117)
		... 26 more
28-May-2024 22:41:36.993 SEVERE [http-nio-8080-exec-9] org.apache.catalina.core.StandardWrapperValve.invoke Servlet.service() for servlet [Controle] in context with path [/ExemploImagem] threw exception
	java.io.IOException: java.io.FileNotFoundException: G:\imagens\imagem-kk.jpg (O sistema não pode encontrar o caminho especificado)
		at org.apache.catalina.core.ApplicationPart.write(ApplicationPart.java:119)
		at controle.Controle.processRequest(Controle.java:53)
		at controle.Controle.doPost(Controle.java:98)
		at javax.servlet.http.HttpServlet.service(HttpServlet.java:515)
		at javax.servlet.http.HttpServlet.service(HttpServlet.java:583)
		at org.apache.catalina.core.ApplicationFilterChain.internalDoFilter(ApplicationFilterChain.java:212)
		at org.apache.catalina.core.ApplicationFilterChain.doFilter(ApplicationFilterChain.java:156)
		at org.apache.tomcat.websocket.server.WsFilter.doFilter(WsFilter.java:51)
		at org.apache.catalina.core.ApplicationFilterChain.internalDoFilter(ApplicationFilterChain.java:181)
		at org.apache.catalina.core.ApplicationFilterChain.doFilter(ApplicationFilterChain.java:156)
		at org.apache.catalina.core.StandardWrapperValve.invoke(StandardWrapperValve.java:168)
		at org.apache.catalina.core.StandardContextValve.invoke(StandardContextValve.java:90)
		at org.apache.catalina.authenticator.AuthenticatorBase.invoke(AuthenticatorBase.java:483)
		at org.apache.catalina.core.StandardHostValve.invoke(StandardHostValve.java:130)
		at org.apache.catalina.valves.ErrorReportValve.invoke(ErrorReportValve.java:93)
		at org.apache.catalina.valves.AbstractAccessLogValve.invoke(AbstractAccessLogValve.java:679)
		at org.apache.catalina.core.StandardEngineValve.invoke(StandardEngineValve.java:74)
		at org.apache.catalina.connector.CoyoteAdapter.service(CoyoteAdapter.java:346)
		at org.apache.coyote.http11.Http11Processor.service(Http11Processor.java:617)
		at org.apache.coyote.AbstractProcessorLight.process(AbstractProcessorLight.java:63)
		at org.apache.coyote.AbstractProtocol$ConnectionHandler.process(AbstractProtocol.java:934)
		at org.apache.tomcat.util.net.NioEndpoint$SocketProcessor.doRun(NioEndpoint.java:1690)
		at org.apache.tomcat.util.net.SocketProcessorBase.run(SocketProcessorBase.java:52)
		at org.apache.tomcat.util.threads.ThreadPoolExecutor.runWorker(ThreadPoolExecutor.java:1191)
		at org.apache.tomcat.util.threads.ThreadPoolExecutor$Worker.run(ThreadPoolExecutor.java:659)
		at org.apache.tomcat.util.threads.TaskThread$WrappingRunnable.run(TaskThread.java:63)
		at java.base/java.lang.Thread.run(Thread.java:1570)
	Caused by: java.io.FileNotFoundException: G:\imagens\imagem-kk.jpg (O sistema não pode encontrar o caminho especificado)
		at java.base/java.io.FileOutputStream.open0(Native Method)
		at java.base/java.io.FileOutputStream.open(FileOutputStream.java:289)
		at java.base/java.io.FileOutputStream.<init>(FileOutputStream.java:230)
		at java.base/java.io.FileOutputStream.<init>(FileOutputStream.java:179)
		at org.apache.tomcat.util.http.fileupload.disk.DiskFileItem.write(DiskFileItem.java:403)
		at org.apache.catalina.core.ApplicationPart.write(ApplicationPart.java:117)
		... 26 more
28-May-2024 22:42:03.900 SEVERE [http-nio-8080-exec-5] org.apache.catalina.core.StandardWrapperValve.invoke Servlet.service() for servlet [Controle] in context with path [/ExemploImagem] threw exception
	java.io.IOException: java.io.FileNotFoundException: G:\imagens\imagem-comedia.jpg (O sistema não pode encontrar o caminho especificado)
		at org.apache.catalina.core.ApplicationPart.write(ApplicationPart.java:119)
		at controle.Controle.processRequest(Controle.java:53)
		at controle.Controle.doPost(Controle.java:98)
		at javax.servlet.http.HttpServlet.service(HttpServlet.java:515)
		at javax.servlet.http.HttpServlet.service(HttpServlet.java:583)
		at org.apache.catalina.core.ApplicationFilterChain.internalDoFilter(ApplicationFilterChain.java:212)
		at org.apache.catalina.core.ApplicationFilterChain.doFilter(ApplicationFilterChain.java:156)
		at org.apache.tomcat.websocket.server.WsFilter.doFilter(WsFilter.java:51)
		at org.apache.catalina.core.ApplicationFilterChain.internalDoFilter(ApplicationFilterChain.java:181)
		at org.apache.catalina.core.ApplicationFilterChain.doFilter(ApplicationFilterChain.java:156)
		at org.apache.catalina.core.StandardWrapperValve.invoke(StandardWrapperValve.java:168)
		at org.apache.catalina.core.StandardContextValve.invoke(StandardContextValve.java:90)
		at org.apache.catalina.authenticator.AuthenticatorBase.invoke(AuthenticatorBase.java:483)
		at org.apache.catalina.core.StandardHostValve.invoke(StandardHostValve.java:130)
		at org.apache.catalina.valves.ErrorReportValve.invoke(ErrorReportValve.java:93)
		at org.apache.catalina.valves.AbstractAccessLogValve.invoke(AbstractAccessLogValve.java:679)
		at org.apache.catalina.core.StandardEngineValve.invoke(StandardEngineValve.java:74)
		at org.apache.catalina.connector.CoyoteAdapter.service(CoyoteAdapter.java:346)
		at org.apache.coyote.http11.Http11Processor.service(Http11Processor.java:617)
		at org.apache.coyote.AbstractProcessorLight.process(AbstractProcessorLight.java:63)
		at org.apache.coyote.AbstractProtocol$ConnectionHandler.process(AbstractProtocol.java:934)
		at org.apache.tomcat.util.net.NioEndpoint$SocketProcessor.doRun(NioEndpoint.java:1690)
		at org.apache.tomcat.util.net.SocketProcessorBase.run(SocketProcessorBase.java:52)
		at org.apache.tomcat.util.threads.ThreadPoolExecutor.runWorker(ThreadPoolExecutor.java:1191)
		at org.apache.tomcat.util.threads.ThreadPoolExecutor$Worker.run(ThreadPoolExecutor.java:659)
		at org.apache.tomcat.util.threads.TaskThread$WrappingRunnable.run(TaskThread.java:63)
		at java.base/java.lang.Thread.run(Thread.java:1570)
	Caused by: java.io.FileNotFoundException: G:\imagens\imagem-comedia.jpg (O sistema não pode encontrar o caminho especificado)
		at java.base/java.io.FileOutputStream.open0(Native Method)
		at java.base/java.io.FileOutputStream.open(FileOutputStream.java:289)
		at java.base/java.io.FileOutputStream.<init>(FileOutputStream.java:230)
		at java.base/java.io.FileOutputStream.<init>(FileOutputStream.java:179)
		at org.apache.tomcat.util.http.fileupload.disk.DiskFileItem.write(DiskFileItem.java:403)
		at org.apache.catalina.core.ApplicationPart.write(ApplicationPart.java:117)
		... 26 more
28-May-2024 22:43:10.565 INFO [localhost-startStop-2] org.apache.catalina.core.ApplicationContext.log SessionListener: contextDestroyed()
28-May-2024 22:43:10.565 INFO [localhost-startStop-2] org.apache.catalina.core.ApplicationContext.log ContextListener: contextDestroyed()
